C:\Program Files (x86)\Microsoft Visual Studio\2017\Community\Common7\IDE\VC\VCTargets\Microsoft.CppBuild.targets(391,5): warning MSB8028: The intermediate directory (Debug\) contains files shared from another project (Multiplayer NeonShooter by Teena 0118856.vcxproj, Multiplayer TicTacToe by Teena 0118856.vcxproj, OpenGL Audio Visualizer by Teena 0118856.vcxproj, Particle System by 0118856 Teena.vcxproj).  This can lead to incorrect clean and rebuild behavior.
  ConsoleApplication1.cpp
c:\program files (x86)\windows kits\10\include\10.0.17763.0\shared\minwindef.h(130): warning C4005: 'APIENTRY': macro redefinition
  d:\game development\school project\allassignmentfinalversion\0118856 teena_openglaudiovisualizer - copy\dependency\glfw\include\glfw\glfw3.h(104): note: see previous definition of 'APIENTRY'
d:\game development\school project\allassignmentfinalversion\0118856 teena_openglaudiovisualizer - copy\consoleapplication1\triangle_demo.h(102): warning C4244: 'argument': conversion from 'double' to 'GLfloat', possible loss of data
d:\game development\school project\allassignmentfinalversion\0118856 teena_openglaudiovisualizer - copy\consoleapplication1\triangle_demo.h(211): warning C4244: 'argument': conversion from 'double' to 'GLfloat', possible loss of data
d:\game development\school project\allassignmentfinalversion\0118856 teena_openglaudiovisualizer - copy\consoleapplication1\triangle_demo.h(215): warning C4244: 'argument': conversion from 'double' to 'GLfloat', possible loss of data
d:\game development\school project\allassignmentfinalversion\0118856 teena_openglaudiovisualizer - copy\consoleapplication1\triangle_demo.h(231): warning C4244: 'argument': conversion from 'double' to 'GLfloat', possible loss of data
d:\game development\school project\allassignmentfinalversion\0118856 teena_openglaudiovisualizer - copy\consoleapplication1\triangle_demo.h(233): warning C4244: 'argument': conversion from 'double' to 'GLfloat', possible loss of data
d:\game development\school project\allassignmentfinalversion\0118856 teena_openglaudiovisualizer - copy\consoleapplication1\triangle_demo.h(235): warning C4244: 'argument': conversion from 'double' to 'GLfloat', possible loss of data
d:\game development\school project\allassignmentfinalversion\0118856 teena_openglaudiovisualizer - copy\consoleapplication1\triangle_demo.h(238): warning C4244: 'argument': conversion from 'double' to 'GLfloat', possible loss of data
d:\game development\school project\allassignmentfinalversion\0118856 teena_openglaudiovisualizer - copy\consoleapplication1\triangle_demo.h(240): warning C4244: 'argument': conversion from 'double' to 'GLfloat', possible loss of data
d:\game development\school project\allassignmentfinalversion\0118856 teena_openglaudiovisualizer - copy\consoleapplication1\triangle_demo.h(242): warning C4244: 'argument': conversion from 'double' to 'GLfloat', possible loss of data
d:\game development\school project\allassignmentfinalversion\0118856 teena_openglaudiovisualizer - copy\consoleapplication1\triangle_demo.h(438): warning C4305: 'argument': truncation from 'double' to 'float'
d:\game development\school project\allassignmentfinalversion\0118856 teena_openglaudiovisualizer - copy\consoleapplication1\triangle_demo.h(445): warning C4305: 'argument': truncation from 'double' to 'float'
d:\game development\school project\allassignmentfinalversion\0118856 teena_openglaudiovisualizer - copy\consoleapplication1\triangle_demo.h(466): warning C4305: 'argument': truncation from 'double' to 'float'
d:\game development\school project\allassignmentfinalversion\0118856 teena_openglaudiovisualizer - copy\consoleapplication1\triangle_demo.h(473): warning C4305: 'argument': truncation from 'double' to 'float'
d:\game development\school project\allassignmentfinalversion\0118856 teena_openglaudiovisualizer - copy\consoleapplication1\triangle_demo.h(569): warning C4305: 'initializing': truncation from 'double' to 'float'
d:\game development\school project\allassignmentfinalversion\0118856 teena_openglaudiovisualizer - copy\consoleapplication1\consoleapplication1.cpp(40): warning C4244: '=': conversion from 'double' to 'int', possible loss of data
d:\game development\school project\allassignmentfinalversion\0118856 teena_openglaudiovisualizer - copy\consoleapplication1\consoleapplication1.cpp(41): warning C4244: '=': conversion from 'double' to 'int', possible loss of data
d:\game development\school project\allassignmentfinalversion\0118856 teena_openglaudiovisualizer - copy\consoleapplication1\consoleapplication1.cpp(45): warning C4244: 'initializing': conversion from 'double' to 'int', possible loss of data
d:\game development\school project\allassignmentfinalversion\0118856 teena_openglaudiovisualizer - copy\consoleapplication1\consoleapplication1.cpp(46): warning C4244: 'initializing': conversion from 'double' to 'int', possible loss of data
d:\game development\school project\allassignmentfinalversion\0118856 teena_openglaudiovisualizer - copy\consoleapplication1\consoleapplication1.cpp(47): warning C4244: '=': conversion from 'double' to 'int', possible loss of data
  matrix.cpp
d:\game development\school project\allassignmentfinalversion\0118856 teena_openglaudiovisualizer - copy\consoleapplication1\vector.h(141): warning C4244: 'return': conversion from 'double' to 'float', possible loss of data
d:\game development\school project\allassignmentfinalversion\0118856 teena_openglaudiovisualizer - copy\consoleapplication1\matrix.h(189): warning C4244: 'initializing': conversion from 'double' to 'float', possible loss of data
d:\game development\school project\allassignmentfinalversion\0118856 teena_openglaudiovisualizer - copy\consoleapplication1\matrix.h(190): warning C4244: 'initializing': conversion from 'double' to 'float', possible loss of data
  Generating Code...
LINK : warning LNK4098: defaultlib 'MSVCRT' conflicts with use of other libs; use /NODEFAULTLIB:library
  ConsoleApplication1.vcxproj -> D:\Game Development\School Project\AllAssignmentFinalVersion\0118856 Teena_OpenGLAudioVisualizer - Copy\Debug\OpenGL 3D Model and Animation by Teena 0118856.exe
